This is pdfTeX, Version 3.14159265-2.6-1.40.19 (MiKTeX 2.9.6840 64-bit) (preloaded format=pdflatex 2018.10.27)  11 FEB 2019 01:47
entering extended mode
**./report.tex
(report.tex
LaTeX2e <2018-04-01> patch level 5
("C:\Users\tanya\AppData\Local\Programs\MiKTeX 2.9\tex\latex\base\article.cls"
Document Class: article 2014/09/29 v1.4h Standard LaTeX document class
("C:\Users\tanya\AppData\Local\Programs\MiKTeX 2.9\tex\latex\base\size11.clo"
File: size11.clo 2014/09/29 v1.4h Standard LaTeX file (size option)
)
\c@part=\count80
\c@section=\count81
\c@subsection=\count82
\c@subsubsection=\count83
\c@paragraph=\count84
\c@subparagraph=\count85
\c@figure=\count86
\c@table=\count87
\abovecaptionskip=\skip41
\belowcaptionskip=\skip42
\bibindent=\dimen102
) ("C:\Users\tanya\AppData\Local\Programs\MiKTeX 2.9\tex\latex\base\inputenc.st
y"
Package: inputenc 2018/04/06 v1.3b Input encoding file
\inpenc@prehook=\toks14
\inpenc@posthook=\toks15
)
("C:\Users\tanya\AppData\Local\Programs\MiKTeX 2.9\tex\latex\geometry\geometry.
sty"
Package: geometry 2018/04/16 v5.8 Page Geometry

("C:\Users\tanya\AppData\Local\Programs\MiKTeX 2.9\tex\latex\graphics\keyval.st
y"
Package: keyval 2014/10/28 v1.15 key=value parser (DPC)
\KV@toks@=\toks16
)
("C:\Users\tanya\AppData\Local\Programs\MiKTeX 2.9\tex\generic\oberdiek\ifpdf.s
ty"
Package: ifpdf 2018/09/07 v3.3 Provides the ifpdf switch
)
("C:\Users\tanya\AppData\Local\Programs\MiKTeX 2.9\tex\generic\oberdiek\ifvtex.
sty"
Package: ifvtex 2016/05/16 v1.6 Detect VTeX and its facilities (HO)
Package ifvtex Info: VTeX not detected.
)
("C:\Users\tanya\AppData\Local\Programs\MiKTeX 2.9\tex\generic\ifxetex\ifxetex.
sty"
Package: ifxetex 2010/09/12 v0.6 Provides ifxetex conditional
)
\Gm@cnth=\count88
\Gm@cntv=\count89
\c@Gm@tempcnt=\count90
\Gm@bindingoffset=\dimen103
\Gm@wd@mp=\dimen104
\Gm@odd@mp=\dimen105
\Gm@even@mp=\dimen106
\Gm@layoutwidth=\dimen107
\Gm@layoutheight=\dimen108
\Gm@layouthoffset=\dimen109
\Gm@layoutvoffset=\dimen110
\Gm@dimlist=\toks17

("C:\Users\tanya\AppData\Local\Programs\MiKTeX 2.9\tex\latex\geometry\geometry.
cfg"))
("C:\Users\tanya\AppData\Local\Programs\MiKTeX 2.9\tex\latex\graphics\graphicx.
sty"
Package: graphicx 2017/06/01 v1.1a Enhanced LaTeX Graphics (DPC,SPQR)

("C:\Users\tanya\AppData\Local\Programs\MiKTeX 2.9\tex\latex\graphics\graphics.
sty"
Package: graphics 2017/06/25 v1.2c Standard LaTeX Graphics (DPC,SPQR)

("C:\Users\tanya\AppData\Local\Programs\MiKTeX 2.9\tex\latex\graphics\trig.sty"
Package: trig 2016/01/03 v1.10 sin cos tan (DPC)
)
("C:\Users\tanya\AppData\Local\Programs\MiKTeX 2.9\tex\latex\graphics-cfg\graph
ics.cfg"
File: graphics.cfg 2016/06/04 v1.11 sample graphics configuration
)
Package graphics Info: Driver file: pdftex.def on input line 99.

("C:\Users\tanya\AppData\Local\Programs\MiKTeX 2.9\tex\latex\graphics-def\pdfte
x.def"
File: pdftex.def 2018/01/08 v1.0l Graphics/color driver for pdftex
))
\Gin@req@height=\dimen111
\Gin@req@width=\dimen112
)
("C:\Users\tanya\AppData\Local\Programs\MiKTeX 2.9\tex\latex\booktabs\booktabs.
sty"
Package: booktabs 2005/04/14 v1.61803 publication quality tables
\heavyrulewidth=\dimen113
\lightrulewidth=\dimen114
\cmidrulewidth=\dimen115
\belowrulesep=\dimen116
\belowbottomsep=\dimen117
\aboverulesep=\dimen118
\abovetopsep=\dimen119
\cmidrulesep=\dimen120
\cmidrulekern=\dimen121
\defaultaddspace=\dimen122
\@cmidla=\count91
\@cmidlb=\count92
\@aboverulesep=\dimen123
\@belowrulesep=\dimen124
\@thisruleclass=\count93
\@lastruleclass=\count94
\@thisrulewidth=\dimen125
)
("C:\Users\tanya\AppData\Local\Programs\MiKTeX 2.9\tex\latex\tools\array.sty"
Package: array 2018/04/30 v2.4h Tabular extension package (FMi)
\col@sep=\dimen126
\ar@mcellbox=\box26
\extrarowheight=\dimen127
\NC@list=\toks18
\extratabsurround=\skip43
\backup@length=\skip44
\ar@cellbox=\box27
)
("C:\Users\tanya\AppData\Local\Programs\MiKTeX 2.9\tex\latex\paralist\paralist.
sty"
Package: paralist 2017/01/22 v2.7 Extended list environments
\pltopsep=\skip45
\plpartopsep=\skip46
\plitemsep=\skip47
\plparsep=\skip48
\pl@lab=\toks19
)
("C:\Users\tanya\AppData\Local\Programs\MiKTeX 2.9\tex\latex\tools\verbatim.sty
"
Package: verbatim 2014/10/28 v1.5q LaTeX2e package for verbatim enhancements
\every@verbatim=\toks20
\verbatim@line=\toks21
\verbatim@in@stream=\read1
)
("C:\Users\tanya\AppData\Local\Programs\MiKTeX 2.9\tex\latex\amsmath\amsmath.st
y"
Package: amsmath 2017/09/02 v2.17a AMS math features
\@mathmargin=\skip49

For additional information on amsmath, use the `?' option.

("C:\Users\tanya\AppData\Local\Programs\MiKTeX 2.9\tex\latex\amsmath\amstext.st
y"
Package: amstext 2000/06/29 v2.01 AMS text

("C:\Users\tanya\AppData\Local\Programs\MiKTeX 2.9\tex\latex\amsmath\amsgen.sty
"
File: amsgen.sty 1999/11/30 v2.0 generic functions
\@emptytoks=\toks22
\ex@=\dimen128
))
("C:\Users\tanya\AppData\Local\Programs\MiKTeX 2.9\tex\latex\amsmath\amsbsy.sty
"
Package: amsbsy 1999/11/29 v1.2d Bold Symbols
\pmbraise@=\dimen129
)
("C:\Users\tanya\AppData\Local\Programs\MiKTeX 2.9\tex\latex\amsmath\amsopn.sty
"
Package: amsopn 2016/03/08 v2.02 operator names
)
\inf@bad=\count95
LaTeX Info: Redefining \frac on input line 213.
\uproot@=\count96
\leftroot@=\count97
LaTeX Info: Redefining \overline on input line 375.
\classnum@=\count98
\DOTSCASE@=\count99
LaTeX Info: Redefining \ldots on input line 472.
LaTeX Info: Redefining \dots on input line 475.
LaTeX Info: Redefining \cdots on input line 596.
\Mathstrutbox@=\box28
\strutbox@=\box29
\big@size=\dimen130
LaTeX Font Info:    Redeclaring font encoding OML on input line 712.
LaTeX Font Info:    Redeclaring font encoding OMS on input line 713.
\macc@depth=\count100
\c@MaxMatrixCols=\count101
\dotsspace@=\muskip10
\c@parentequation=\count102
\dspbrk@lvl=\count103
\tag@help=\toks23
\row@=\count104
\column@=\count105
\maxfields@=\count106
\andhelp@=\toks24
\eqnshift@=\dimen131
\alignsep@=\dimen132
\tagshift@=\dimen133
\tagwidth@=\dimen134
\totwidth@=\dimen135
\lineht@=\dimen136
\@envbody=\toks25
\multlinegap=\skip50
\multlinetaggap=\skip51
\mathdisplay@stack=\toks26
LaTeX Info: Redefining \[ on input line 2817.
LaTeX Info: Redefining \] on input line 2818.
)
("C:\Users\tanya\AppData\Local\Programs\MiKTeX 2.9\tex\latex\amsfonts\amssymb.s
ty"
Package: amssymb 2013/01/14 v3.01 AMS font symbols

("C:\Users\tanya\AppData\Local\Programs\MiKTeX 2.9\tex\latex\amsfonts\amsfonts.
sty"
Package: amsfonts 2013/01/14 v3.01 Basic AMSFonts support
\symAMSa=\mathgroup4
\symAMSb=\mathgroup5
LaTeX Font Info:    Overwriting math alphabet `\mathfrak' in version `bold'
(Font)                  U/euf/m/n --> U/euf/b/n on input line 106.
))
("C:\Users\tanya\AppData\Local\Programs\MiKTeX 2.9\tex\latex\caption\caption.st
y"
Package: caption 2018/10/06 v3.3-154 Customizing captions (AR)

("C:\Users\tanya\AppData\Local\Programs\MiKTeX 2.9\tex\latex\caption\caption3.s
ty"
Package: caption3 2018/09/12 v1.8c caption3 kernel (AR)
Package caption3 Info: TeX engine: e-TeX on input line 64.
\captionmargin=\dimen137
\captionmargin@=\dimen138
\captionwidth=\dimen139
\caption@tempdima=\dimen140
\caption@indent=\dimen141
\caption@parindent=\dimen142
\caption@hangindent=\dimen143
)
\c@caption@flags=\count107
\c@ContinuedFloat=\count108
)
("C:\Users\tanya\AppData\Local\Programs\MiKTeX 2.9\tex\latex\caption\subcaption
.sty"
Package: subcaption 2018/05/01 v1.1-162 Sub-captions (AR)
\c@subfigure=\count109
\c@subtable=\count110
)
("C:\Users\tanya\AppData\Local\Programs\MiKTeX 2.9\tex\latex\tools\enumerate.st
y"
Package: enumerate 2015/07/23 v3.00 enumerate extensions (DPC)
\@enLab=\toks27
) ("C:\Users\tanya\AppData\Local\Programs\MiKTeX 2.9\tex\latex\float\float.sty"
Package: float 2001/11/08 v1.3d Float enhancements (AL)
\c@float@type=\count111
\float@exts=\toks28
\float@box=\box30
\@float@everytoks=\toks29
\@floatcapt=\box31
)
\@float@every@table=\toks30

("C:\Users\tanya\AppData\Local\Programs\MiKTeX 2.9\tex\latex\algorithms\algorit
hm.sty"
Package: algorithm 2009/08/24 v0.1 Document Style `algorithm' - floating enviro
nment

("C:\Users\tanya\AppData\Local\Programs\MiKTeX 2.9\tex\latex\base\ifthen.sty"
Package: ifthen 2014/09/29 v1.1c Standard LaTeX ifthen package (DPC)
)
\@float@every@algorithm=\toks31
\c@algorithm=\count112
)
("C:\Users\tanya\AppData\Local\Programs\MiKTeX 2.9\tex\latex\algorithms\algorit
hmic.sty"
Package: algorithmic 2009/08/24 v0.1 Document Style `algorithmic'
\c@ALC@unique=\count113
\c@ALC@line=\count114
\c@ALC@rem=\count115
\c@ALC@depth=\count116
\ALC@tlm=\skip52
\algorithmicindent=\skip53
)
("C:\Users\tanya\AppData\Local\Programs\MiKTeX 2.9\tex\latex\fancyhdr\fancyhdr.
sty"
Package: fancyhdr 2017/06/30 v3.9a Extensive control of page headers and footer
s
\f@nch@headwidth=\skip54
\f@nch@O@elh=\skip55
\f@nch@O@erh=\skip56
\f@nch@O@olh=\skip57
\f@nch@O@orh=\skip58
\f@nch@O@elf=\skip59
\f@nch@O@erf=\skip60
\f@nch@O@olf=\skip61
\f@nch@O@orf=\skip62
)
("C:\Users\tanya\AppData\Local\Programs\MiKTeX 2.9\tex\latex\sectsty\sectsty.st
y"
Package: sectsty 2002/02/25 v2.0.2 Commands to change all sectional heading sty
les
)
("C:\Users\tanya\AppData\Local\Programs\MiKTeX 2.9\tex\latex\tocbibind\tocbibin
d.sty"
Package: tocbibind 2010/10/13 v1.5k extra ToC listings
Package tocbibind Info: The document has section divisions on input line 50.


Package tocbibind Note: Using section or other style headings.

)
("C:\Users\tanya\AppData\Local\Programs\MiKTeX 2.9\tex\latex\tocloft\tocloft.st
y"
Package: tocloft 2017/08/31 v2.3i parameterised ToC, etc., typesetting
Package tocloft Info: The document has section divisions on input line 51.
\cftparskip=\skip63
\cftbeforetoctitleskip=\skip64
\cftaftertoctitleskip=\skip65
\cftbeforepartskip=\skip66
\cftpartnumwidth=\skip67
\cftpartindent=\skip68
\cftbeforesecskip=\skip69
\cftsecindent=\skip70
\cftsecnumwidth=\skip71
\cftbeforesubsecskip=\skip72
\cftsubsecindent=\skip73
\cftsubsecnumwidth=\skip74
\cftbeforesubsubsecskip=\skip75
\cftsubsubsecindent=\skip76
\cftsubsubsecnumwidth=\skip77
\cftbeforeparaskip=\skip78
\cftparaindent=\skip79
\cftparanumwidth=\skip80
\cftbeforesubparaskip=\skip81
\cftsubparaindent=\skip82
\cftsubparanumwidth=\skip83
\cftbeforeloftitleskip=\skip84
\cftafterloftitleskip=\skip85
\cftbeforefigskip=\skip86
\cftfigindent=\skip87
\cftfignumwidth=\skip88
\cftbeforelottitleskip=\skip89
\cftafterlottitleskip=\skip90
\cftbeforetabskip=\skip91
\cfttabindent=\skip92
\cfttabnumwidth=\skip93
\cftbeforesubfigskip=\skip94
\cftsubfigindent=\skip95
\cftsubfignumwidth=\skip96
\cftbeforesubtabskip=\skip97
\cftsubtabindent=\skip98
\cftsubtabnumwidth=\skip99
) (report.aux)
\openout1 = `report.aux'.

LaTeX Font Info:    Checking defaults for OML/cmm/m/it on input line 65.
LaTeX Font Info:    ... okay on input line 65.
LaTeX Font Info:    Checking defaults for T1/cmr/m/n on input line 65.
LaTeX Font Info:    ... okay on input line 65.
LaTeX Font Info:    Checking defaults for OT1/cmr/m/n on input line 65.
LaTeX Font Info:    ... okay on input line 65.
LaTeX Font Info:    Checking defaults for OMS/cmsy/m/n on input line 65.
LaTeX Font Info:    ... okay on input line 65.
LaTeX Font Info:    Checking defaults for OMX/cmex/m/n on input line 65.
LaTeX Font Info:    ... okay on input line 65.
LaTeX Font Info:    Checking defaults for U/cmr/m/n on input line 65.
LaTeX Font Info:    ... okay on input line 65.

*geometry* driver: auto-detecting
*geometry* detected driver: pdftex
*geometry* verbose mode - [ preamble ] result:
* driver: pdftex
* paper: a4paper
* layout: <same size as paper>
* layoutoffset:(h,v)=(0.0pt,0.0pt)
* modes: 
* h-part:(L,W,R)=(89.62709pt, 418.25368pt, 89.6271pt)
* v-part:(T,H,B)=(101.40665pt, 591.5302pt, 152.11pt)
* \paperwidth=597.50787pt
* \paperheight=845.04684pt
* \textwidth=418.25368pt
* \textheight=591.5302pt
* \oddsidemargin=17.3571pt
* \evensidemargin=17.3571pt
* \topmargin=-7.86334pt
* \headheight=12.0pt
* \headsep=25.0pt
* \topskip=11.0pt
* \footskip=30.0pt
* \marginparwidth=59.0pt
* \marginparsep=10.0pt
* \columnsep=10.0pt
* \skip\footins=10.0pt plus 4.0pt minus 2.0pt
* \hoffset=0.0pt
* \voffset=0.0pt
* \mag=1000
* \@twocolumnfalse
* \@twosidefalse
* \@mparswitchfalse
* \@reversemarginfalse
* (1in=72.27pt=25.4mm, 1cm=28.453pt)


("C:\Users\tanya\AppData\Local\Programs\MiKTeX 2.9\tex\context\base\supp-pdf.mk
ii"
[Loading MPS to PDF converter (version 2006.09.02).]
\scratchcounter=\count117
\scratchdimen=\dimen144
\scratchbox=\box32
\nofMPsegments=\count118
\nofMParguments=\count119
\everyMPshowfont=\toks32
\MPscratchCnt=\count120
\MPscratchDim=\dimen145
\MPnumerator=\count121
\makeMPintoPDFobject=\count122
\everyMPtoPDFconversion=\toks33
)
("C:\Users\tanya\AppData\Local\Programs\MiKTeX 2.9\tex\latex\oberdiek\epstopdf-
base.sty"
Package: epstopdf-base 2016/05/15 v2.6 Base part for package epstopdf

("C:\Users\tanya\AppData\Local\Programs\MiKTeX 2.9\tex\generic\oberdiek\infware
rr.sty"
Package: infwarerr 2016/05/16 v1.4 Providing info/warning/error messages (HO)
)
("C:\Users\tanya\AppData\Local\Programs\MiKTeX 2.9\tex\latex\oberdiek\grfext.st
y"
Package: grfext 2016/05/16 v1.2 Manage graphics extensions (HO)

("C:\Users\tanya\AppData\Local\Programs\MiKTeX 2.9\tex\generic\oberdiek\kvdefin
ekeys.sty"
Package: kvdefinekeys 2016/05/16 v1.4 Define keys (HO)

("C:\Users\tanya\AppData\Local\Programs\MiKTeX 2.9\tex\generic\oberdiek\ltxcmds
.sty"
Package: ltxcmds 2016/05/16 v1.23 LaTeX kernel commands for general use (HO)
)))
("C:\Users\tanya\AppData\Local\Programs\MiKTeX 2.9\tex\latex\oberdiek\kvoptions
.sty"
Package: kvoptions 2016/05/16 v3.12 Key value format for package options (HO)

("C:\Users\tanya\AppData\Local\Programs\MiKTeX 2.9\tex\generic\oberdiek\kvsetke
ys.sty"
Package: kvsetkeys 2016/05/16 v1.17 Key value parser (HO)

("C:\Users\tanya\AppData\Local\Programs\MiKTeX 2.9\tex\generic\oberdiek\etexcmd
s.sty"
Package: etexcmds 2016/05/16 v1.6 Avoid name clashes with e-TeX commands (HO)

("C:\Users\tanya\AppData\Local\Programs\MiKTeX 2.9\tex\generic\oberdiek\ifluate
x.sty"
Package: ifluatex 2016/05/16 v1.4 Provides the ifluatex switch (HO)
Package ifluatex Info: LuaTeX not detected.
)
Package etexcmds Info: Could not find \expanded.
(etexcmds)             That can mean that you are not using pdfTeX 1.50 or
(etexcmds)             that some package has redefined \expanded.
(etexcmds)             In the latter case, load this package earlier.
)))
("C:\Users\tanya\AppData\Local\Programs\MiKTeX 2.9\tex\generic\oberdiek\pdftexc
mds.sty"
Package: pdftexcmds 2018/09/10 v0.29 Utility functions of pdfTeX for LuaTeX (HO
)
Package pdftexcmds Info: LuaTeX not detected.
Package pdftexcmds Info: \pdf@primitive is available.
Package pdftexcmds Info: \pdf@ifprimitive is available.
Package pdftexcmds Info: \pdfdraftmode found.
)
Package epstopdf-base Info: Redefining graphics rule for `.eps' on input line 4
38.
Package grfext Info: Graphics extension search list:
(grfext)             [.pdf,.png,.jpg,.mps,.jpeg,.jbig2,.jb2,.PDF,.PNG,.JPG,.JPE
G,.JBIG2,.JB2,.eps]
(grfext)             \AppendGraphicsExtensions on input line 456.
)
Package caption Info: Begin \AtBeginDocument code.
Package caption Info: float package is loaded.
Package caption Info: End \AtBeginDocument code.
<IITBlogo.png, id=1, 437.2335pt x 413.1435pt>
File: IITBlogo.png Graphic file (type png)
<use IITBlogo.png>
Package pdftex.def Info: IITBlogo.png  used on input line 69.
(pdftex.def)             Requested size: 62.73549pt x 59.27701pt.
 [1

{C:/Users/tanya/AppData/Local/MiKTeX/2.9/pdftex/config/pdftex.map} <./IITBlogo.
png>]

LaTeX Warning: Citation `alpern' on page 1 undefined on input line 87.


LaTeX Warning: Citation `dubin' on page 1 undefined on input line 87.

LaTeX Font Info:    Try loading font information for U+msa on input line 91.
("C:\Users\tanya\AppData\Local\Programs\MiKTeX 2.9\tex\latex\amsfonts\umsa.fd"
File: umsa.fd 2013/01/14 v3.01 AMS symbols A
)
LaTeX Font Info:    Try loading font information for U+msb on input line 91.
("C:\Users\tanya\AppData\Local\Programs\MiKTeX 2.9\tex\latex\amsfonts\umsb.fd"
File: umsb.fd 2013/01/14 v3.01 AMS symbols B
)

LaTeX Warning: Citation `dubin' on page 1 undefined on input line 112.


LaTeX Warning: Citation `cockayne' on page 1 undefined on input line 113.

[1]

LaTeX Warning: Reference `fig:CC_set' on page 2 undefined on input line 116.


LaTeX Warning: Reference `fig:CL_set' on page 2 undefined on input line 116.

<CC_2.png, id=24, 511.9125pt x 523.20468pt>
File: CC_2.png Graphic file (type png)
<use CC_2.png>
Package pdftex.def Info: CC_2.png  used on input line 121.
(pdftex.def)             Requested size: 139.1868pt x 142.2571pt.

Overfull \hbox (128.23677pt too wide) in paragraph at lines 121--121
[][] 
 []

<CC_4.png, id=25, 491.58656pt x 520.94624pt>
File: CC_4.png Graphic file (type png)
<use CC_4.png>
Package pdftex.def Info: CC_4.png  used on input line 127.
(pdftex.def)             Requested size: 134.24535pt x 142.26306pt.

Overfull \hbox (123.29532pt too wide) in paragraph at lines 127--127
[][] 
 []

<CC_5.png, id=26, 517.18219pt x 524.71031pt>
File: CC_5.png Graphic file (type png)
<use CC_5.png>
Package pdftex.def Info: CC_5.png  used on input line 133.
(pdftex.def)             Requested size: 140.21713pt x 142.25813pt.

Overfull \hbox (129.2671pt too wide) in paragraph at lines 133--133
[][] 
 []


Overfull \hbox (56.9203pt too wide) in paragraph at lines 119--139
[][] 
 []

<CL_1.png, id=27, 518.6878pt x 524.71031pt>
File: CL_1.png Graphic file (type png)
<use CL_1.png>
Package pdftex.def Info: CL_1.png  used on input line 146.
(pdftex.def)             Requested size: 140.62534pt x 142.25813pt.
<CL_2.png, id=28, 493.845pt x 522.45187pt>
File: CL_2.png Graphic file (type png)
<use CL_2.png>
Package pdftex.def Info: CL_2.png  used on input line 152.
(pdftex.def)             Requested size: 134.47025pt x 142.25967pt.
<CL_3.png, id=29, 345.54094pt x 362.85562pt>
File: CL_3.png Graphic file (type png)
<use CL_3.png>
Package pdftex.def Info: CL_3.png  used on input line 158.
(pdftex.def)             Requested size: 135.47748pt x 142.26611pt.

Overfull \hbox (56.9203pt too wide) in paragraph at lines 144--163
[][] 
 []


LaTeX Warning: Citation `cockayne' on page 2 undefined on input line 168.


Underfull \hbox (badness 10000) in paragraph at lines 168--184

 []

[2 <./CC_2.png> <./CC_4.png> <./CC_5.png> <./CL_1.png> <./CL_2.png> <./CL_3.png
>]
<CC_proof.png, id=34, 989.49675pt x 527.571pt>
File: CC_proof.png Graphic file (type png)
<use CC_proof.png>
Package pdftex.def Info: CC_proof.png  used on input line 205.
(pdftex.def)             Requested size: 284.53094pt x 151.70366pt.
 [3] [4 <./CC_proof.png>]
LaTeX Font Info:    Try loading font information for OMS+cmr on input line 245.


("C:\Users\tanya\AppData\Local\Programs\MiKTeX 2.9\tex\latex\base\omscmr.fd"
File: omscmr.fd 2014/09/29 v2.5h Standard LaTeX font definitions
)
LaTeX Font Info:    Font shape `OMS/cmr/m/n' in size <10.95> not available
(Font)              Font shape `OMS/cmsy/m/n' tried instead on input line 245.
<a11_2.png, id=44, 557.08125pt x 563.10374pt>
File: a11_2.png Graphic file (type png)
<use a11_2.png>
Package pdftex.def Info: a11_2.png  used on input line 257.
(pdftex.def)             Requested size: 168.88524pt x 170.71101pt.

Overfull \hbox (157.93521pt too wide) in paragraph at lines 257--257
[][] 
 []

<a11.png, id=45, 560.8453pt x 566.115pt>
File: a11.png Graphic file (type png)
<use a11.png>
Package pdftex.def Info: a11.png  used on input line 263.
(pdftex.def)             Requested size: 169.12778pt x 170.7169pt.

Overfull \hbox (158.17775pt too wide) in paragraph at lines 263--263
[][] 
 []

<a11_3.png, id=46, 566.115pt x 574.39594pt>
File: a11_3.png Graphic file (type png)
<use a11_3.png>
Package pdftex.def Info: a11_3.png  used on input line 269.
(pdftex.def)             Requested size: 168.25502pt x 170.71619pt.

Overfull \hbox (157.305pt too wide) in paragraph at lines 269--269
[][] 
 []

<a11_5.png, id=47, 498.36188pt x 521.69907pt>
File: a11_5.png Graphic file (type png)
<use a11_5.png>
Package pdftex.def Info: a11_5.png  used on input line 275.
(pdftex.def)             Requested size: 163.07593pt x 170.7124pt.

Overfull \hbox (152.1259pt too wide) in paragraph at lines 275--275
[][] 
 []

[5]
<a12_2.png, id=52, 505.89pt x 521.69907pt>
File: a12_2.png Graphic file (type png)
<use a12_2.png>
Package pdftex.def Info: a12_2.png  used on input line 300.
(pdftex.def)             Requested size: 137.9507pt x 142.26167pt.

Overfull \hbox (127.00067pt too wide) in paragraph at lines 300--300
[][] 
 []

<a12_3.png, id=53, 506.6428pt x 520.94624pt>
File: a12_3.png Graphic file (type png)
<use a12_3.png>
Package pdftex.def Info: a12_3.png  used on input line 306.
(pdftex.def)             Requested size: 138.357pt x 142.26306pt.

Overfull \hbox (127.40697pt too wide) in paragraph at lines 306--306
[][] 
 []

<a12_1.png, id=54, 516.42938pt x 529.98pt>
File: a12_1.png Graphic file (type png)
<use a12_1.png>
Package pdftex.def Info: a12_1.png  used on input line 312.
(pdftex.def)             Requested size: 138.62614pt x 142.26355pt.

Overfull \hbox (127.67612pt too wide) in paragraph at lines 312--312
[][] 
 []


Overfull \hbox (26.92035pt too wide) in paragraph at lines 298--317
[][] 
 []

[6 <./a11_2.png> <./a11.png> <./a11_3.png> <./a11_5.png>]
<a13_1.png, id=59, 506.6428pt x 517.935pt>
File: a13_1.png Graphic file (type png)
<use a13_1.png>
Package pdftex.def Info: a13_1.png  used on input line 342.
(pdftex.def)             Requested size: 166.99164pt x 170.7136pt.

Overfull \hbox (156.04161pt too wide) in paragraph at lines 342--342
[][] 
 []

<a13_2.png, id=60, 494.59781pt x 521.69907pt>
File: a13_2.png Graphic file (type png)
<use a13_2.png>
Package pdftex.def Info: a13_2.png  used on input line 348.
(pdftex.def)             Requested size: 161.84422pt x 170.7124pt.

Overfull \hbox (150.8942pt too wide) in paragraph at lines 348--348
[][] 
 []

<a13_3.png, id=61, 516.42938pt x 520.94624pt>
File: a13_3.png Graphic file (type png)
<use a13_3.png>
Package pdftex.def Info: a13_3.png  used on input line 354.
(pdftex.def)             Requested size: 169.23233pt x 170.7125pt.

Overfull \hbox (158.2823pt too wide) in paragraph at lines 354--354
[][] 
 []

<a13_4.png, id=62, 511.9125pt x 524.71031pt>
File: a13_4.png Graphic file (type png)
<use a13_4.png>
Package pdftex.def Info: a13_4.png  used on input line 360.
(pdftex.def)             Requested size: 166.54924pt x 170.71297pt.

Overfull \hbox (155.59921pt too wide) in paragraph at lines 360--360
[][] 
 []

[7 <./a12_2.png> <./a12_3.png> <./a12_1.png>]
<a14_1.png, id=66, 508.14844pt x 523.9575pt>
File: a14_1.png Graphic file (type png)
<use a14_1.png>
Package pdftex.def Info: a14_1.png  used on input line 384.
(pdftex.def)             Requested size: 137.96953pt x 142.26192pt.

Overfull \hbox (127.0195pt too wide) in paragraph at lines 384--384
[][] 
 []

<a14_2.png, id=67, 517.935pt x 517.935pt>
File: a14_2.png Graphic file (type png)
<use a14_2.png>
Package pdftex.def Info: a14_2.png  used on input line 390.
(pdftex.def)             Requested size: 142.26263pt x 142.26263pt.

Overfull \hbox (131.3126pt too wide) in paragraph at lines 390--390
[][] 
 []

<a14_3.png, id=68, 513.41812pt x 524.71031pt>
File: a14_3.png Graphic file (type png)
<use a14_3.png>
Package pdftex.def Info: a14_3.png  used on input line 396.
(pdftex.def)             Requested size: 139.19662pt x 142.25813pt.

Overfull \hbox (128.2466pt too wide) in paragraph at lines 396--396
[][] 
 []


Overfull \hbox (26.92035pt too wide) in paragraph at lines 382--401
[][] 
 []

[8 <./a13_1.png> <./a13_2.png> <./a13_3.png> <./a13_4.png>]
<a21_1.png, id=72, 483.30562pt x 517.18219pt>
File: a21_1.png Graphic file (type png)
<use a21_1.png>
Package pdftex.def Info: a21_1.png  used on input line 408.
(pdftex.def)             Requested size: 159.5356pt x 170.71799pt.
 [9 <./a14_1.png> <./a14_2.png> <./a14_3.png> <./a21_1.png>] [10]
No file report.bbl.
[11] (report.aux)

LaTeX Warning: There were undefined references.


LaTeX Warning: Label(s) may have changed. Rerun to get cross-references right.

 ) 
Here is how much of TeX's memory you used:
 5282 strings out of 492970
 78788 string characters out of 3126593
 153894 words of memory out of 3000000
 9029 multiletter control sequences out of 15000+200000
 15078 words of font info for 55 fonts, out of 3000000 for 9000
 1141 hyphenation exceptions out of 8191
 41i,15n,43p,753b,564s stack positions out of 5000i,500n,10000p,200000b,50000s
<C:/Users/tanya/AppData/Local/Programs/MiKTeX 2.9/fonts/type1/public/amsfonts
/cm/cmbx10.pfb><C:/Users/tanya/AppData/Local/Programs/MiKTeX 2.9/fonts/type1/pu
blic/amsfonts/cm/cmbx12.pfb><C:/Users/tanya/AppData/Local/Programs/MiKTeX 2.9/f
onts/type1/public/amsfonts/cm/cmcsc10.pfb><C:/Users/tanya/AppData/Local/Program
s/MiKTeX 2.9/fonts/type1/public/amsfonts/cm/cmex10.pfb><C:/Users/tanya/AppData/
Local/Programs/MiKTeX 2.9/fonts/type1/public/amsfonts/cm/cmmi10.pfb><C:/Users/t
anya/AppData/Local/Programs/MiKTeX 2.9/fonts/type1/public/amsfonts/cm/cmmi12.pf
b><C:/Users/tanya/AppData/Local/Programs/MiKTeX 2.9/fonts/type1/public/amsfonts
/cm/cmmi8.pfb><C:/Users/tanya/AppData/Local/Programs/MiKTeX 2.9/fonts/type1/pub
lic/amsfonts/cm/cmr10.pfb><C:/Users/tanya/AppData/Local/Programs/MiKTeX 2.9/fon
ts/type1/public/amsfonts/cm/cmr12.pfb><C:/Users/tanya/AppData/Local/Programs/Mi
KTeX 2.9/fonts/type1/public/amsfonts/cm/cmr8.pfb><C:/Users/tanya/AppData/Local/
Programs/MiKTeX 2.9/fonts/type1/public/amsfonts/cm/cmss12.pfb><C:/Users/tanya/A
ppData/Local/Programs/MiKTeX 2.9/fonts/type1/public/amsfonts/cm/cmsy10.pfb><C:/
Users/tanya/AppData/Local/Programs/MiKTeX 2.9/fonts/type1/public/amsfonts/cm/cm
sy8.pfb><C:/Users/tanya/AppData/Local/Programs/MiKTeX 2.9/fonts/type1/public/am
sfonts/cm/cmti10.pfb><C:/Users/tanya/AppData/Local/Programs/MiKTeX 2.9/fonts/ty
pe1/public/amsfonts/cm/cmti12.pfb><C:/Users/tanya/AppData/Local/Programs/MiKTeX
 2.9/fonts/type1/public/amsfonts/symbols/msbm10.pfb>
Output written on report.pdf (12 pages, 1150917 bytes).
PDF statistics:
 132 PDF objects out of 1000 (max. 8388607)
 0 named destinations out of 1000 (max. 500000)
 116 words of extra memory for PDF output out of 10000 (max. 10000000)

